  Main.cpp
C:\Users\Justin\Documents\Cpp Projects\Astra\Astra.Core\src\graphics\buffers\VertexArray.h(29,27): warning C4227: anachronism used: qualifiers on reference are ignored
C:\Program Files (x86)\Windows Kits\10\Include\10.0.18362.0\shared\minwindef.h(130,1): warning C4005: 'APIENTRY': macro redefinition
C:\Users\Justin\Documents\Cpp Projects\Astra\Dependencies\GLFW\include\GLFW\glfw3.h(123): message : see previous definition of 'APIENTRY'
C:\Users\Justin\Documents\Cpp Projects\Astra\Astra.Core\src\graphics\entities\Spatial.h(19,17): warning C4244: '=': conversion from 'int' to 'float', possible loss of data
C:\Users\Justin\Documents\Cpp Projects\Astra\Astra.Core\Main.cpp(30,76): warning C4305: 'argument': truncation from 'double' to 'const float'
  Texture.cpp
  VertexArray.cpp
C:\Users\Justin\Documents\Cpp Projects\Astra\Astra.Core\src\graphics\buffers\VertexArray.h(29,27): warning C4227: anachronism used: qualifiers on reference are ignored
C:\Users\Justin\Documents\Cpp Projects\Astra\Astra.Core\src\graphics\buffers\VertexArray.cpp(22,39): warning C4227: anachronism used: qualifiers on reference are ignored
  Camera.cpp
C:\Users\Justin\Documents\Cpp Projects\Astra\Astra.Core\src\graphics\entities\Spatial.h(19,17): warning C4244: '=': conversion from 'int' to 'float', possible loss of data
  Entity.cpp
C:\Users\Justin\Documents\Cpp Projects\Astra\Astra.Core\src\graphics\entities\Spatial.h(19,17): warning C4244: '=': conversion from 'int' to 'float', possible loss of data
C:\Users\Justin\Documents\Cpp Projects\Astra\Astra.Core\src\graphics\buffers\VertexArray.h(29,27): warning C4227: anachronism used: qualifiers on reference are ignored
  Loader.cpp
C:\Users\Justin\Documents\Cpp Projects\Astra\Astra.Core\src\graphics\buffers\VertexArray.h(29,27): warning C4227: anachronism used: qualifiers on reference are ignored
C:\Users\Justin\Documents\Cpp Projects\Astra\Astra.Core\src\graphics\loaders\Loader.cpp(38,81): warning C4267: 'argument': conversion from 'size_t' to 'const unsigned int', possible loss of data
C:\Users\Justin\Documents\Cpp Projects\Astra\Astra.Core\src\graphics\loaders\Loader.cpp(53,78): warning C4267: 'argument': conversion from 'size_t' to 'const unsigned int', possible loss of data
  ObjLoader.cpp
C:\Users\Justin\Documents\Cpp Projects\Astra\Astra.Core\src\graphics\buffers\VertexArray.h(29,27): warning C4227: anachronism used: qualifiers on reference are ignored
C:\Users\Justin\Documents\Cpp Projects\Astra\Astra.Core\src\graphics\loaders\ObjLoader.cpp(44,39): warning C4267: '=': conversion from 'size_t' to 'unsigned int', possible loss of data
C:\Users\Justin\Documents\Cpp Projects\Astra\Astra.Core\src\graphics\loaders\ObjLoader.cpp(45,39): warning C4267: '=': conversion from 'size_t' to 'unsigned int', possible loss of data
C:\Users\Justin\Documents\Cpp Projects\Astra\Astra.Core\src\graphics\loaders\ObjLoader.cpp(77,36): warning C4267: '=': conversion from 'size_t' to 'unsigned int', possible loss of data
  Entity3dRenderer.cpp
C:\Users\Justin\Documents\Cpp Projects\Astra\Astra.Core\src\graphics\buffers\VertexArray.h(29,27): warning C4227: anachronism used: qualifiers on reference are ignored
C:\Users\Justin\Documents\Cpp Projects\Astra\Astra.Core\src\graphics\entities\Spatial.h(19,17): warning C4244: '=': conversion from 'int' to 'float', possible loss of data
  GuiRenderer.cpp
C:\Users\Justin\Documents\Cpp Projects\Astra\Astra.Core\src\graphics\buffers\VertexArray.h(29,27): warning C4227: anachronism used: qualifiers on reference are ignored
C:\Users\Justin\Documents\Cpp Projects\Astra\Astra.Core\src\graphics\entities\Spatial.h(19,17): warning C4244: '=': conversion from 'int' to 'float', possible loss of data
  Renderer.cpp
C:\Users\Justin\Documents\Cpp Projects\Astra\Astra.Core\src\graphics\buffers\VertexArray.h(29,27): warning C4227: anachronism used: qualifiers on reference are ignored
  RendererController.cpp
C:\Users\Justin\Documents\Cpp Projects\Astra\Astra.Core\src\graphics\buffers\VertexArray.h(29,27): warning C4227: anachronism used: qualifiers on reference are ignored
C:\Users\Justin\Documents\Cpp Projects\Astra\Astra.Core\src\graphics\entities\Spatial.h(19,17): warning C4244: '=': conversion from 'int' to 'float', possible loss of data
C:\Users\Justin\Documents\Cpp Projects\Astra\Astra.Core\src\graphics\renderers\RendererController.cpp(28,61): warning C4244: 'argument': conversion from 'const unsigned int' to 'float', possible loss of data
  Shader.cpp
  GuiTexture.cpp
  Window.cpp
C:\Users\Justin\Documents\Cpp Projects\Astra\Astra.Core\src\graphics\Window.cpp(62,40): warning C4244: 'argument': conversion from 'int' to 'float', possible loss of data
C:\Users\Justin\Documents\Cpp Projects\Astra\Astra.Core\src\graphics\Window.cpp(62,33): warning C4244: 'argument': conversion from 'int' to 'float', possible loss of data
C:\Users\Justin\Documents\Cpp Projects\Astra\Astra.Core\src\graphics\Window.cpp(117,35): warning C4244: 'argument': conversion from 'int' to 'float', possible loss of data
C:\Users\Justin\Documents\Cpp Projects\Astra\Astra.Core\src\graphics\Window.cpp(117,26): warning C4244: 'argument': conversion from 'int' to 'float', possible loss of data
  Mat4.cpp
  Vec2.cpp
  Vec3.cpp
  Vec4.cpp
  stb_image.cpp
  Generating Code...
C:\Users\Justin\Documents\Cpp Projects\Astra\Astra.Core\src\graphics\loaders\Loader.cpp(104): warning C4172: returning address of local variable or temporary: vaoId
C:\Users\Justin\Documents\Cpp Projects\Astra\Astra.Core\src\graphics\loaders\Loader.cpp(112): warning C4172: returning address of local variable or temporary: vboId
Loader.obj : error LNK2001: unresolved external symbol __glewBindBuffer
Loader.obj : error LNK2001: unresolved external symbol __glewBufferData
Loader.obj : error LNK2001: unresolved external symbol __glewDeleteBuffers
Loader.obj : error LNK2001: unresolved external symbol __glewGenBuffers
Loader.obj : error LNK2001: unresolved external symbol __glewVertexAttribPointer
Loader.obj : error LNK2001: unresolved external symbol __glewBindVertexArray
Entity3dRenderer.obj : error LNK2001: unresolved external symbol __glewBindVertexArray
GuiRenderer.obj : error LNK2001: unresolved external symbol __glewBindVertexArray
Renderer.obj : error LNK2001: unresolved external symbol __glewBindVertexArray
Loader.obj : error LNK2001: unresolved external symbol __glewDeleteVertexArrays
Loader.obj : error LNK2001: unresolved external symbol __glewGenVertexArrays
Entity3dRenderer.obj : error LNK2001: unresolved external symbol __glewActiveTexture
GuiRenderer.obj : error LNK2001: unresolved external symbol __glewActiveTexture
Entity3dRenderer.obj : error LNK2001: unresolved external symbol __glewEnableVertexAttribArray
GuiRenderer.obj : error LNK2001: unresolved external symbol __glewEnableVertexAttribArray
GuiRenderer.obj : error LNK2001: unresolved external symbol __glewDisableVertexAttribArray
Renderer.obj : error LNK2001: unresolved external symbol __glewDisableVertexAttribArray
Shader.obj : error LNK2001: unresolved external symbol __glewAttachShader
Shader.obj : error LNK2001: unresolved external symbol __glewBindAttribLocation
Shader.obj : error LNK2001: unresolved external symbol __glewCompileShader
Shader.obj : error LNK2001: unresolved external symbol __glewCreateProgram
Shader.obj : error LNK2001: unresolved external symbol __glewCreateShader
Shader.obj : error LNK2001: unresolved external symbol __glewDeleteProgram
Shader.obj : error LNK2001: unresolved external symbol __glewDeleteShader
Shader.obj : error LNK2001: unresolved external symbol __glewGetShaderInfoLog
Shader.obj : error LNK2001: unresolved external symbol __glewGetShaderiv
Shader.obj : error LNK2001: unresolved external symbol __glewGetUniformLocation
Shader.obj : error LNK2001: unresolved external symbol __glewLinkProgram
Shader.obj : error LNK2001: unresolved external symbol __glewShaderSource
Shader.obj : error LNK2001: unresolved external symbol __glewUniform1f
Shader.obj : error LNK2001: unresolved external symbol __glewUniform1i
Shader.obj : error LNK2001: unresolved external symbol __glewUniform2f
Shader.obj : error LNK2001: unresolved external symbol __glewUniform3f
Shader.obj : error LNK2001: unresolved external symbol __glewUniform4f
Shader.obj : error LNK2001: unresolved external symbol __glewUniformMatrix4fv
Shader.obj : error LNK2001: unresolved external symbol __glewUseProgram
Shader.obj : error LNK2001: unresolved external symbol __glewValidateProgram
Window.obj : error LNK2019: unresolved external symbol glewInit referenced in function "private: bool __cdecl Astra::Graphics::Window::Init(void)" (?Init@Window@Graphics@Astra@@AEAA_NXZ)
Window.obj : error LNK2019: unresolved external symbol glfwInit referenced in function "private: bool __cdecl Astra::Graphics::Window::Init(void)" (?Init@Window@Graphics@Astra@@AEAA_NXZ)
Window.obj : error LNK2019: unresolved external symbol glfwTerminate referenced in function "public: __cdecl Astra::Graphics::Window::Window(char const *,int,int)" (??0Window@Graphics@Astra@@QEAA@PEBDHH@Z)
Window.obj : error LNK2019: unresolved external symbol glfwCreateWindow referenced in function "private: bool __cdecl Astra::Graphics::Window::Init(void)" (?Init@Window@Graphics@Astra@@AEAA_NXZ)
Window.obj : error LNK2019: unresolved external symbol glfwWindowShouldClose referenced in function "public: bool __cdecl Astra::Graphics::Window::Closed(void)const " (?Closed@Window@Graphics@Astra@@QEBA_NXZ)
Window.obj : error LNK2019: unresolved external symbol glfwSetWindowUserPointer referenced in function "private: bool __cdecl Astra::Graphics::Window::Init(void)" (?Init@Window@Graphics@Astra@@AEAA_NXZ)
Window.obj : error LNK2019: unresolved external symbol glfwGetWindowUserPointer referenced in function "public: void __cdecl <lambda_66e7feaf7a83d87a0389560024091468>::operator()(struct GLFWwindow *,int,int,int,int)const " (??R<lambda_66e7feaf7a83d87a0389560024091468>@@QEBAXPEAUGLFWwindow@@HHHH@Z)
Window.obj : error LNK2019: unresolved external symbol glfwSetWindowSizeCallback referenced in function "private: bool __cdecl Astra::Graphics::Window::Init(void)" (?Init@Window@Graphics@Astra@@AEAA_NXZ)
Window.obj : error LNK2019: unresolved external symbol glfwPollEvents referenced in function "public: void __cdecl Astra::Graphics::Window::Update(void)" (?Update@Window@Graphics@Astra@@QEAAXXZ)
Window.obj : error LNK2019: unresolved external symbol glfwSetKeyCallback referenced in function "private: bool __cdecl Astra::Graphics::Window::Init(void)" (?Init@Window@Graphics@Astra@@AEAA_NXZ)
Window.obj : error LNK2019: unresolved external symbol glfwSetMouseButtonCallback referenced in function "private: bool __cdecl Astra::Graphics::Window::Init(void)" (?Init@Window@Graphics@Astra@@AEAA_NXZ)
Window.obj : error LNK2019: unresolved external symbol glfwSetCursorPosCallback referenced in function "private: bool __cdecl Astra::Graphics::Window::Init(void)" (?Init@Window@Graphics@Astra@@AEAA_NXZ)
Window.obj : error LNK2019: unresolved external symbol glfwMakeContextCurrent referenced in function "private: bool __cdecl Astra::Graphics::Window::Init(void)" (?Init@Window@Graphics@Astra@@AEAA_NXZ)
Window.obj : error LNK2019: unresolved external symbol glfwSwapBuffers referenced in function "public: void __cdecl Astra::Graphics::Window::Update(void)" (?Update@Window@Graphics@Astra@@QEAAXXZ)
Window.obj : error LNK2019: unresolved external symbol glfwSwapInterval referenced in function "private: bool __cdecl Astra::Graphics::Window::Init(void)" (?Init@Window@Graphics@Astra@@AEAA_NXZ)
C:\Users\Justin\Documents\Cpp Projects\Astra\Dependencies\GLFW\lib-vc2019\glfw3.lib : warning LNK4272: library machine type 'x86' conflicts with target machine type 'x64'
C:\Users\Justin\Documents\Cpp Projects\Astra\Dependencies\GLEW\lib\glew32s.lib : warning LNK4272: library machine type 'x86' conflicts with target machine type 'x64'
C:\Users\Justin\Documents\Cpp Projects\Astra\bin\x64\Debug\Astra.Core.exe : fatal error LNK1120: 46 unresolved externals
