c:\users\justin\documents\cpp projects\astra\bin-int\windows-debug-x86\astra\astra.pdb
c:\users\justin\documents\cpp projects\astra\bin-int\windows-debug-x86\astra\astra.idb
c:\users\justin\documents\cpp projects\astra\bin-int\windows-debug-x86\astra\shadowmapcontroller.obj
c:\users\justin\documents\cpp projects\astra\bin-int\windows-debug-x86\astra\waterrenderer.obj
c:\users\justin\documents\cpp projects\astra\bin-int\windows-debug-x86\astra\terrainrenderer.obj
c:\users\justin\documents\cpp projects\astra\bin-int\windows-debug-x86\astra\skyboxrenderer.obj
c:\users\justin\documents\cpp projects\astra\bin-int\windows-debug-x86\astra\shadowmaprenderer.obj
c:\users\justin\documents\cpp projects\astra\bin-int\windows-debug-x86\astra\renderercontroller.obj
c:\users\justin\documents\cpp projects\astra\bin-int\windows-debug-x86\astra\renderer.obj
c:\users\justin\documents\cpp projects\astra\bin-int\windows-debug-x86\astra\particlerenderer.obj
c:\users\justin\documents\cpp projects\astra\bin-int\windows-debug-x86\astra\normalentity3drenderer.obj
c:\users\justin\documents\cpp projects\astra\bin-int\windows-debug-x86\astra\guirenderer.obj
c:\users\justin\documents\cpp projects\astra\bin-int\windows-debug-x86\astra\gizmorenderer.obj
c:\users\justin\documents\cpp projects\astra\bin-int\windows-debug-x86\astra\entity3drenderer.obj
c:\users\justin\documents\cpp projects\astra\bin-int\windows-debug-x86\astra\particlesystem.obj
c:\users\justin\documents\cpp projects\astra\bin-int\windows-debug-x86\astra\particlecontroller.obj
c:\users\justin\documents\cpp projects\astra\bin-int\windows-debug-x86\astra\particle.obj
c:\users\justin\documents\cpp projects\astra\bin-int\windows-debug-x86\astra\coneparticlesystem.obj
c:\users\justin\documents\cpp projects\astra\bin-int\windows-debug-x86\astra\gizmocontroller.obj
c:\users\justin\documents\cpp projects\astra\bin-int\windows-debug-x86\astra\gizmo.obj
c:\users\justin\documents\cpp projects\astra\bin-int\windows-debug-x86\astra\astra.pch
c:\users\justin\documents\cpp projects\astra\bin-int\windows-debug-x86\astra\astra_pch.obj
c:\users\justin\documents\cpp projects\astra\bin-int\windows-debug-x86\astra\watertile.obj
c:\users\justin\documents\cpp projects\astra\bin-int\windows-debug-x86\astra\terrain.obj
c:\users\justin\documents\cpp projects\astra\bin-int\windows-debug-x86\astra\heightgenerator.obj
c:\users\justin\documents\cpp projects\astra\bin-int\windows-debug-x86\astra\spatial.obj
c:\users\justin\documents\cpp projects\astra\bin-int\windows-debug-x86\astra\light.obj
c:\users\justin\documents\cpp projects\astra\bin-int\windows-debug-x86\astra\entity.obj
c:\users\justin\documents\cpp projects\astra\bin-int\windows-debug-x86\astra\camera.obj
c:\users\justin\documents\cpp projects\astra\bin-int\windows-debug-x86\astra\waterframebuffer.obj
c:\users\justin\documents\cpp projects\astra\bin-int\windows-debug-x86\astra\vertexarray.obj
c:\users\justin\documents\cpp projects\astra\bin-int\windows-debug-x86\astra\texture.obj
c:\users\justin\documents\cpp projects\astra\bin-int\windows-debug-x86\astra\shadowframebuffer.obj
c:\users\justin\documents\cpp projects\astra\bin-int\windows-debug-x86\astra\cubemaptexture.obj
c:\users\justin\documents\cpp projects\astra\bin-int\windows-debug-x86\astra\resourcemanager.obj
c:\users\justin\documents\cpp projects\astra\bin-int\windows-debug-x86\astra\audiosource.obj
c:\users\justin\documents\cpp projects\astra\bin-int\windows-debug-x86\astra\audiocontroller.obj
c:\users\justin\documents\cpp projects\astra\bin-int\windows-debug-x86\astra\log.obj
c:\users\justin\documents\cpp projects\astra\bin-int\windows-debug-x86\astra\layerstack.obj
c:\users\justin\documents\cpp projects\astra\bin-int\windows-debug-x86\astra\layer.obj
c:\users\justin\documents\cpp projects\astra\bin-int\windows-debug-x86\astra\application.obj
c:\users\justin\documents\cpp projects\astra\bin-int\windows-debug-x86\astra\bloomeffect.obj
c:\users\justin\documents\cpp projects\astra\bin-int\windows-debug-x86\astra\watermaterial.obj
c:\users\justin\documents\cpp projects\astra\bin-int\windows-debug-x86\astra\terrainmaterial.obj
c:\users\justin\documents\cpp projects\astra\bin-int\windows-debug-x86\astra\skyboxmaterial.obj
c:\users\justin\documents\cpp projects\astra\bin-int\windows-debug-x86\astra\particlematerial.obj
c:\users\justin\documents\cpp projects\astra\bin-int\windows-debug-x86\astra\imagematerial.obj
c:\users\justin\documents\cpp projects\astra\bin-int\windows-debug-x86\astra\guimaterial.obj
c:\users\justin\documents\cpp projects\astra\bin-int\windows-debug-x86\astra\objloader.obj
c:\users\justin\documents\cpp projects\astra\bin-int\windows-debug-x86\astra\loader.obj
c:\users\justin\documents\cpp projects\astra\bin-int\windows-debug-x86\astra\rect2.obj
c:\users\justin\documents\cpp projects\astra\bin-int\windows-debug-x86\astra\fontatlas.obj
c:\users\justin\documents\cpp projects\astra\bin-int\windows-debug-x86\astra\textbox.obj
c:\users\justin\documents\cpp projects\astra\bin-int\windows-debug-x86\astra\spatial2d.obj
c:\users\justin\documents\cpp projects\astra\bin-int\windows-debug-x86\astra\gui.obj
c:\users\justin\documents\cpp projects\astra\bin-int\windows-debug-x86\astra\color.obj
c:\users\justin\documents\cpp projects\astra\bin-int\windows-debug-x86\astra\vec4.obj
c:\users\justin\documents\cpp projects\astra\bin-int\windows-debug-x86\astra\vec3.obj
c:\users\justin\documents\cpp projects\astra\bin-int\windows-debug-x86\astra\vec2.obj
c:\users\justin\documents\cpp projects\astra\bin-int\windows-debug-x86\astra\mat4.obj
c:\users\justin\documents\cpp projects\astra\bin-int\windows-debug-x86\astra\shadowbox.obj
c:\users\justin\documents\cpp projects\astra\bin-int\windows-debug-x86\astra\shader.obj
c:\users\justin\documents\cpp projects\astra\bin-int\windows-debug-x86\astra\postprocessor.obj
c:\users\justin\documents\cpp projects\astra\bin-int\windows-debug-x86\astra\imageeffect.obj
c:\users\justin\documents\cpp projects\astra\bin-int\windows-debug-x86\astra\stb_image.obj
c:\users\justin\documents\cpp projects\astra\bin-int\windows-debug-x86\astra\dr_lib_impl.obj
c:\users\justin\documents\cpp projects\astra\bin-int\windows-debug-x86\astra\windowswindow.obj
c:\users\justin\documents\cpp projects\astra\bin-int\windows-debug-x86\astra\windowsinput.obj
c:\users\justin\documents\cpp projects\astra\bin-int\windows-debug-x86\astra\ivec4.obj
c:\users\justin\documents\cpp projects\astra\bin-int\windows-debug-x86\astra\ivec2.obj
c:\users\justin\documents\cpp projects\astra\bin\windows-debug-x86\astra\astra.lib
c:\users\justin\documents\cpp projects\astra\astra\..\bin\windows-debug-x86\astra\astra.lib
c:\users\justin\documents\cpp projects\astra\bin-int\windows-debug-x86\astra\astra.tlog\cl.command.1.tlog
c:\users\justin\documents\cpp projects\astra\bin-int\windows-debug-x86\astra\astra.tlog\cl.read.1.tlog
c:\users\justin\documents\cpp projects\astra\bin-int\windows-debug-x86\astra\astra.tlog\cl.write.1.tlog
c:\users\justin\documents\cpp projects\astra\bin-int\windows-debug-x86\astra\astra.tlog\lib-link.read.1.tlog
c:\users\justin\documents\cpp projects\astra\bin-int\windows-debug-x86\astra\astra.tlog\lib-link.write.1.tlog
c:\users\justin\documents\cpp projects\astra\bin-int\windows-debug-x86\astra\astra.tlog\lib.command.1.tlog
