  astra_pch.cpp
  Application.cpp
  Log.cpp
  AudioController.cpp
  AudioSource.cpp
  Color.cpp
  ResourceManager.cpp
  CubeMapTexture.cpp
  ShadowFrameBuffer.cpp
  Texture.cpp
  VertexArray.cpp
  WaterFrameBuffer.cpp
  Camera.cpp
  Entity.cpp
  Light.cpp
  Spatial.cpp
  HeightGenerator.cpp
  Terrain.cpp
  WaterTile.cpp
  Gizmo.cpp
  GizmoController.cpp
  Generating Code...
  Compiling...
  Gui.cpp
  Spatial2D.cpp
  TextBox.cpp
  FontAtlas.cpp
  Rect2.cpp
  Loader.cpp
  ObjLoader.cpp
  GuiMaterial.cpp
  ImageMaterial.cpp
  ParticleMaterial.cpp
  SkyboxMaterial.cpp
  TerrainMaterial.cpp
  WaterMaterial.cpp
  ConeParticleSystem.cpp
  Particle.cpp
  ParticleController.cpp
  ParticleSystem.cpp
  BloomEffect.cpp
  ImageEffect.cpp
  PostProcessor.cpp
  Generating Code...
  Compiling...
  Entity3dRenderer.cpp
  GizmoRenderer.cpp
  GuiRenderer.cpp
  NormalEntity3dRenderer.cpp
  ParticleRenderer.cpp
  Renderer.cpp
  ShadowMapRenderer.cpp
  SkyboxRenderer.cpp
  TerrainRenderer.cpp
  WaterRenderer.cpp
  Shader.cpp
  ShadowBox.cpp
  ShadowMapController.cpp
  Layer.cpp
  Layer2D.cpp
  Layer3D.cpp
  LayerStack.cpp
  Mat4.cpp
  Vec2.cpp
  Vec3.cpp
  Generating Code...
  Compiling...
  Vec4.cpp
  iVec2.cpp
  iVec4.cpp
  WindowsInput.cpp
  WindowsWindow.cpp
  dr_lib_impl.cpp
  stb_image.cpp
  Generating Code...
OpenAL32.lib(OpenAL32.dll) : warning LNK4006: __NULL_IMPORT_DESCRIPTOR already defined in opengl32.lib(OPENGL32.dll); second definition ignored
  Astra.vcxproj -> C:\Users\Justin\Documents\Cpp Projects\Astra\Astra\..\bin\windows-Debug-x86\Astra\Astra.lib
