c:\users\justin\documents\cpp projects\astra\astra.core\intermediates\vc142.pdb
c:\users\justin\documents\cpp projects\astra\astra.core\intermediates\vc142.idb
c:\users\justin\documents\cpp projects\astra\astra.core\intermediates\stb_image.obj
c:\users\justin\documents\cpp projects\astra\astra.core\intermediates\vec4.obj
c:\users\justin\documents\cpp projects\astra\astra.core\intermediates\vec3.obj
c:\users\justin\documents\cpp projects\astra\astra.core\intermediates\vec2.obj
c:\users\justin\documents\cpp projects\astra\astra.core\intermediates\mat4.obj
c:\users\justin\documents\cpp projects\astra\astra.core\intermediates\logger.obj
c:\users\justin\documents\cpp projects\astra\astra.core\intermediates\window.obj
c:\users\justin\documents\cpp projects\astra\astra.core\intermediates\guitexture.obj
c:\users\justin\documents\cpp projects\astra\astra.core\intermediates\shader.obj
c:\users\justin\documents\cpp projects\astra\astra.core\intermediates\renderercontroller.obj
c:\users\justin\documents\cpp projects\astra\astra.core\intermediates\renderer.obj
c:\users\justin\documents\cpp projects\astra\astra.core\intermediates\guirenderer.obj
c:\users\justin\documents\cpp projects\astra\astra.core\intermediates\entity3drenderer.obj
c:\users\justin\documents\cpp projects\astra\astra.core\intermediates\objloader.obj
c:\users\justin\documents\cpp projects\astra\astra.core\intermediates\loader.obj
c:\users\justin\documents\cpp projects\astra\astra.core\intermediates\entity.obj
c:\users\justin\documents\cpp projects\astra\astra.core\intermediates\camera.obj
c:\users\justin\documents\cpp projects\astra\astra.core\intermediates\vertexarray.obj
c:\users\justin\documents\cpp projects\astra\astra.core\intermediates\texture.obj
c:\users\justin\documents\cpp projects\astra\dependencies\astra.core\debug\astra.core.ilk
c:\users\justin\documents\cpp projects\astra\dependencies\astra.core\debug\astra.core.dll
c:\users\justin\documents\cpp projects\astra\dependencies\astra.core\debug\astra.core.pdb
c:\users\justin\documents\cpp projects\astra\astra.core\intermediates\astra.core.tlog\cl.command.1.tlog
c:\users\justin\documents\cpp projects\astra\astra.core\intermediates\astra.core.tlog\cl.read.1.tlog
c:\users\justin\documents\cpp projects\astra\astra.core\intermediates\astra.core.tlog\cl.write.1.tlog
c:\users\justin\documents\cpp projects\astra\astra.core\intermediates\astra.core.tlog\link.command.1.tlog
c:\users\justin\documents\cpp projects\astra\astra.core\intermediates\astra.core.tlog\link.read.1.tlog
c:\users\justin\documents\cpp projects\astra\astra.core\intermediates\astra.core.tlog\link.write.1.tlog
