  Texture.cpp
  VertexArray.cpp
C:\Users\Justin\Documents\Cpp Projects\Astra\Astra.Core\src\graphics\buffers\VertexArray.h(29,27): warning C4227: anachronism used: qualifiers on reference are ignored
C:\Users\Justin\Documents\Cpp Projects\Astra\Astra.Core\src\graphics\buffers\VertexArray.cpp(22,39): warning C4227: anachronism used: qualifiers on reference are ignored
  Camera.cpp
C:\Users\Justin\Documents\Cpp Projects\Astra\Astra.Core\src\graphics\entities\Spatial.h(19,17): warning C4244: '=': conversion from 'int' to 'float', possible loss of data
  Entity.cpp
C:\Users\Justin\Documents\Cpp Projects\Astra\Astra.Core\src\graphics\entities\Spatial.h(19,17): warning C4244: '=': conversion from 'int' to 'float', possible loss of data
C:\Users\Justin\Documents\Cpp Projects\Astra\Astra.Core\src\graphics\buffers\VertexArray.h(29,27): warning C4227: anachronism used: qualifiers on reference are ignored
  Loader.cpp
C:\Users\Justin\Documents\Cpp Projects\Astra\Astra.Core\src\graphics\buffers\VertexArray.h(29,27): warning C4227: anachronism used: qualifiers on reference are ignored
  ObjLoader.cpp
C:\Users\Justin\Documents\Cpp Projects\Astra\Astra.Core\src\graphics\buffers\VertexArray.h(29,27): warning C4227: anachronism used: qualifiers on reference are ignored
  Entity3dRenderer.cpp
C:\Users\Justin\Documents\Cpp Projects\Astra\Astra.Core\src\graphics\buffers\VertexArray.h(29,27): warning C4227: anachronism used: qualifiers on reference are ignored
C:\Users\Justin\Documents\Cpp Projects\Astra\Astra.Core\src\graphics\entities\Spatial.h(19,17): warning C4244: '=': conversion from 'int' to 'float', possible loss of data
  GuiRenderer.cpp
C:\Users\Justin\Documents\Cpp Projects\Astra\Astra.Core\src\graphics\buffers\VertexArray.h(29,27): warning C4227: anachronism used: qualifiers on reference are ignored
C:\Users\Justin\Documents\Cpp Projects\Astra\Astra.Core\src\graphics\entities\Spatial.h(19,17): warning C4244: '=': conversion from 'int' to 'float', possible loss of data
  Renderer.cpp
C:\Users\Justin\Documents\Cpp Projects\Astra\Astra.Core\src\graphics\buffers\VertexArray.h(29,27): warning C4227: anachronism used: qualifiers on reference are ignored
  RendererController.cpp
C:\Users\Justin\Documents\Cpp Projects\Astra\Astra.Core\src\graphics\buffers\VertexArray.h(29,27): warning C4227: anachronism used: qualifiers on reference are ignored
C:\Users\Justin\Documents\Cpp Projects\Astra\Astra.Core\src\graphics\entities\Spatial.h(19,17): warning C4244: '=': conversion from 'int' to 'float', possible loss of data
C:\Users\Justin\Documents\Cpp Projects\Astra\Astra.Core\src\graphics\renderers\RendererController.cpp(28,61): warning C4244: 'argument': conversion from 'const unsigned int' to 'float', possible loss of data
  Shader.cpp
  GuiTexture.cpp
  Window.cpp
C:\Users\Justin\Documents\Cpp Projects\Astra\Astra.Core\src\graphics\Window.cpp(63,40): warning C4244: 'argument': conversion from 'int' to 'float', possible loss of data
C:\Users\Justin\Documents\Cpp Projects\Astra\Astra.Core\src\graphics\Window.cpp(63,33): warning C4244: 'argument': conversion from 'int' to 'float', possible loss of data
C:\Users\Justin\Documents\Cpp Projects\Astra\Astra.Core\src\graphics\Window.cpp(118,35): warning C4244: 'argument': conversion from 'int' to 'float', possible loss of data
C:\Users\Justin\Documents\Cpp Projects\Astra\Astra.Core\src\graphics\Window.cpp(118,26): warning C4244: 'argument': conversion from 'int' to 'float', possible loss of data
  Logger.cpp
  Mat4.cpp
  Vec2.cpp
  Vec3.cpp
  Vec4.cpp
  stb_image.cpp
  Generating Code...
C:\Users\Justin\Documents\Cpp Projects\Astra\Astra.Core\src\graphics\loaders\Loader.cpp(104): warning C4172: returning address of local variable or temporary: vaoId
C:\Users\Justin\Documents\Cpp Projects\Astra\Astra.Core\src\graphics\loaders\Loader.cpp(112): warning C4172: returning address of local variable or temporary: vboId
  Astra.Core.vcxproj -> C:\Users\Justin\Documents\Cpp Projects\Astra\Dependencies\Astra.Core\Debug\Astra.Core.lib
