c:\users\justin\documents\cpp projects\astra\bin\win32\release\astra.core.ipdb
c:\users\justin\documents\cpp projects\astra\bin\win32\release\astra.core.iobj
c:\users\justin\documents\cpp projects\astra\bin\intermediates\win32\release\vc142.pdb
c:\users\justin\documents\cpp projects\astra\bin\intermediates\win32\release\stb_image.obj
c:\users\justin\documents\cpp projects\astra\bin\intermediates\win32\release\vec4.obj
c:\users\justin\documents\cpp projects\astra\bin\intermediates\win32\release\vec3.obj
c:\users\justin\documents\cpp projects\astra\bin\intermediates\win32\release\vec2.obj
c:\users\justin\documents\cpp projects\astra\bin\intermediates\win32\release\mat4.obj
c:\users\justin\documents\cpp projects\astra\bin\intermediates\win32\release\window.obj
c:\users\justin\documents\cpp projects\astra\bin\intermediates\win32\release\guitexture.obj
c:\users\justin\documents\cpp projects\astra\bin\intermediates\win32\release\shader.obj
c:\users\justin\documents\cpp projects\astra\bin\intermediates\win32\release\renderercontroller.obj
c:\users\justin\documents\cpp projects\astra\bin\intermediates\win32\release\renderer.obj
c:\users\justin\documents\cpp projects\astra\bin\intermediates\win32\release\guirenderer.obj
c:\users\justin\documents\cpp projects\astra\bin\intermediates\win32\release\entity3drenderer.obj
c:\users\justin\documents\cpp projects\astra\bin\intermediates\win32\release\objloader.obj
c:\users\justin\documents\cpp projects\astra\bin\intermediates\win32\release\loader.obj
c:\users\justin\documents\cpp projects\astra\bin\intermediates\win32\release\entity.obj
c:\users\justin\documents\cpp projects\astra\bin\intermediates\win32\release\camera.obj
c:\users\justin\documents\cpp projects\astra\bin\intermediates\win32\release\vertexarray.obj
c:\users\justin\documents\cpp projects\astra\bin\intermediates\win32\release\texture.obj
c:\users\justin\documents\cpp projects\astra\bin\intermediates\win32\release\main.obj
c:\users\justin\documents\cpp projects\astra\bin\win32\release\astra.core.exe
c:\users\justin\documents\cpp projects\astra\bin\win32\release\astra.core.pdb
c:\users\justin\documents\cpp projects\astra\bin\intermediates\win32\release\astra.core.tlog\astra.core.write.1u.tlog
c:\users\justin\documents\cpp projects\astra\bin\intermediates\win32\release\astra.core.tlog\cl.command.1.tlog
c:\users\justin\documents\cpp projects\astra\bin\intermediates\win32\release\astra.core.tlog\cl.read.1.tlog
c:\users\justin\documents\cpp projects\astra\bin\intermediates\win32\release\astra.core.tlog\cl.write.1.tlog
c:\users\justin\documents\cpp projects\astra\bin\intermediates\win32\release\astra.core.tlog\link.command.1.tlog
c:\users\justin\documents\cpp projects\astra\bin\intermediates\win32\release\astra.core.tlog\link.read.1.tlog
c:\users\justin\documents\cpp projects\astra\bin\intermediates\win32\release\astra.core.tlog\link.write.1.tlog
